0 info it worked if it ends with ok
1 verbose cli [ 'node', '/usr/local/bin/npm', 'install' ]
2 info using npm@1.4.28
3 info using node@v0.10.32
4 verbose node symlink /usr/local/bin/node
5 verbose readDependencies using package.json deps
6 verbose install where, deps [ '/Users/pascal/Projects/marionette-freeform',
6 verbose install   [ 'marionette',
6 verbose install     'backbone',
6 verbose install     'underscore',
6 verbose install     'chai',
6 verbose install     'chai-jq',
6 verbose install     'grunt',
6 verbose install     'grunt-contrib-connect',
6 verbose install     'grunt-contrib-jshint',
6 verbose install     'grunt-contrib-sass',
6 verbose install     'grunt-contrib-watch',
6 verbose install     'grunt-mocha-test',
6 verbose install     'jshint-stylish',
6 verbose install     'load-grunt-tasks',
6 verbose install     'mocha',
6 verbose install     'sinon',
6 verbose install     'sinon-chai',
6 verbose install     'unwrap' ] ]
7 info preinstall marionette-freeform@0.0.0
8 verbose readDependencies using package.json deps
9 verbose cache add [ 'marionette@^2.1.0', null ]
10 verbose cache add name=undefined spec="marionette@^2.1.0" args=["marionette@^2.1.0",null]
11 verbose parsed url { protocol: null,
11 verbose parsed url   slashes: null,
11 verbose parsed url   auth: null,
11 verbose parsed url   host: null,
11 verbose parsed url   port: null,
11 verbose parsed url   hostname: null,
11 verbose parsed url   hash: null,
11 verbose parsed url   search: null,
11 verbose parsed url   query: null,
11 verbose parsed url   pathname: 'marionette@^2.1.0',
11 verbose parsed url   path: 'marionette@^2.1.0',
11 verbose parsed url   href: 'marionette@^2.1.0' }
12 verbose cache add [ 'backbone@1.0.0 - 1.1.2', null ]
13 verbose cache add name=undefined spec="backbone@1.0.0 - 1.1.2" args=["backbone@1.0.0 - 1.1.2",null]
14 verbose parsed url { protocol: null,
14 verbose parsed url   slashes: null,
14 verbose parsed url   auth: null,
14 verbose parsed url   host: null,
14 verbose parsed url   port: null,
14 verbose parsed url   hostname: null,
14 verbose parsed url   hash: null,
14 verbose parsed url   search: null,
14 verbose parsed url   query: null,
14 verbose parsed url   pathname: 'backbone@1.0.0%20-%201.1.2',
14 verbose parsed url   path: 'backbone@1.0.0%20-%201.1.2',
14 verbose parsed url   href: 'backbone@1.0.0%20-%201.1.2' }
15 verbose cache add [ 'underscore@1.4.4 - 1.6.0', null ]
16 verbose cache add name=undefined spec="underscore@1.4.4 - 1.6.0" args=["underscore@1.4.4 - 1.6.0",null]
17 verbose parsed url { protocol: null,
17 verbose parsed url   slashes: null,
17 verbose parsed url   auth: null,
17 verbose parsed url   host: null,
17 verbose parsed url   port: null,
17 verbose parsed url   hostname: null,
17 verbose parsed url   hash: null,
17 verbose parsed url   search: null,
17 verbose parsed url   query: null,
17 verbose parsed url   pathname: 'underscore@1.4.4%20-%201.6.0',
17 verbose parsed url   path: 'underscore@1.4.4%20-%201.6.0',
17 verbose parsed url   href: 'underscore@1.4.4%20-%201.6.0' }
18 verbose cache add [ 'chai@^1.10.0', null ]
19 verbose cache add name=undefined spec="chai@^1.10.0" args=["chai@^1.10.0",null]
20 verbose parsed url { protocol: null,
20 verbose parsed url   slashes: null,
20 verbose parsed url   auth: null,
20 verbose parsed url   host: null,
20 verbose parsed url   port: null,
20 verbose parsed url   hostname: null,
20 verbose parsed url   hash: null,
20 verbose parsed url   search: null,
20 verbose parsed url   query: null,
20 verbose parsed url   pathname: 'chai@^1.10.0',
20 verbose parsed url   path: 'chai@^1.10.0',
20 verbose parsed url   href: 'chai@^1.10.0' }
21 verbose cache add [ 'chai-jq@0.0.8', null ]
22 verbose cache add name=undefined spec="chai-jq@0.0.8" args=["chai-jq@0.0.8",null]
23 verbose parsed url { protocol: null,
23 verbose parsed url   slashes: null,
23 verbose parsed url   auth: null,
23 verbose parsed url   host: null,
23 verbose parsed url   port: null,
23 verbose parsed url   hostname: null,
23 verbose parsed url   hash: null,
23 verbose parsed url   search: null,
23 verbose parsed url   query: null,
23 verbose parsed url   pathname: 'chai-jq@0.0.8',
23 verbose parsed url   path: 'chai-jq@0.0.8',
23 verbose parsed url   href: 'chai-jq@0.0.8' }
24 verbose cache add [ 'grunt@^0.4.5', null ]
25 verbose cache add name=undefined spec="grunt@^0.4.5" args=["grunt@^0.4.5",null]
26 verbose parsed url { protocol: null,
26 verbose parsed url   slashes: null,
26 verbose parsed url   auth: null,
26 verbose parsed url   host: null,
26 verbose parsed url   port: null,
26 verbose parsed url   hostname: null,
26 verbose parsed url   hash: null,
26 verbose parsed url   search: null,
26 verbose parsed url   query: null,
26 verbose parsed url   pathname: 'grunt@^0.4.5',
26 verbose parsed url   path: 'grunt@^0.4.5',
26 verbose parsed url   href: 'grunt@^0.4.5' }
27 verbose cache add [ 'grunt-contrib-connect@^0.9.0', null ]
28 verbose cache add name=undefined spec="grunt-contrib-connect@^0.9.0" args=["grunt-contrib-connect@^0.9.0",null]
29 verbose parsed url { protocol: null,
29 verbose parsed url   slashes: null,
29 verbose parsed url   auth: null,
29 verbose parsed url   host: null,
29 verbose parsed url   port: null,
29 verbose parsed url   hostname: null,
29 verbose parsed url   hash: null,
29 verbose parsed url   search: null,
29 verbose parsed url   query: null,
29 verbose parsed url   pathname: 'grunt-contrib-connect@^0.9.0',
29 verbose parsed url   path: 'grunt-contrib-connect@^0.9.0',
29 verbose parsed url   href: 'grunt-contrib-connect@^0.9.0' }
30 verbose cache add [ 'grunt-contrib-jshint@^0.10.0', null ]
31 verbose cache add name=undefined spec="grunt-contrib-jshint@^0.10.0" args=["grunt-contrib-jshint@^0.10.0",null]
32 verbose parsed url { protocol: null,
32 verbose parsed url   slashes: null,
32 verbose parsed url   auth: null,
32 verbose parsed url   host: null,
32 verbose parsed url   port: null,
32 verbose parsed url   hostname: null,
32 verbose parsed url   hash: null,
32 verbose parsed url   search: null,
32 verbose parsed url   query: null,
32 verbose parsed url   pathname: 'grunt-contrib-jshint@^0.10.0',
32 verbose parsed url   path: 'grunt-contrib-jshint@^0.10.0',
32 verbose parsed url   href: 'grunt-contrib-jshint@^0.10.0' }
33 verbose cache add name="marionette" spec="^2.1.0" args=["marionette","^2.1.0"]
34 verbose parsed url { protocol: null,
34 verbose parsed url   slashes: null,
34 verbose parsed url   auth: null,
34 verbose parsed url   host: null,
34 verbose parsed url   port: null,
34 verbose parsed url   hostname: null,
34 verbose parsed url   hash: null,
34 verbose parsed url   search: null,
34 verbose parsed url   query: null,
34 verbose parsed url   pathname: '^2.1.0',
34 verbose parsed url   path: '^2.1.0',
34 verbose parsed url   href: '^2.1.0' }
35 verbose addNamed [ 'marionette', '^2.1.0' ]
36 verbose addNamed [ null, '>=2.1.0-0 <3.0.0-0' ]
37 verbose cache add name="backbone" spec="1.0.0 - 1.1.2" args=["backbone","1.0.0 - 1.1.2"]
38 verbose parsed url { protocol: null,
38 verbose parsed url   slashes: null,
38 verbose parsed url   auth: null,
38 verbose parsed url   host: null,
38 verbose parsed url   port: null,
38 verbose parsed url   hostname: null,
38 verbose parsed url   hash: null,
38 verbose parsed url   search: null,
38 verbose parsed url   query: null,
38 verbose parsed url   pathname: '1.0.0%20-%201.1.2',
38 verbose parsed url   path: '1.0.0%20-%201.1.2',
38 verbose parsed url   href: '1.0.0%20-%201.1.2' }
39 verbose addNamed [ 'backbone', '1.0.0 - 1.1.2' ]
40 verbose addNamed [ null, '>=1.0.0 <=1.1.2' ]
41 verbose cache add name="underscore" spec="1.4.4 - 1.6.0" args=["underscore","1.4.4 - 1.6.0"]
42 verbose parsed url { protocol: null,
42 verbose parsed url   slashes: null,
42 verbose parsed url   auth: null,
42 verbose parsed url   host: null,
42 verbose parsed url   port: null,
42 verbose parsed url   hostname: null,
42 verbose parsed url   hash: null,
42 verbose parsed url   search: null,
42 verbose parsed url   query: null,
42 verbose parsed url   pathname: '1.4.4%20-%201.6.0',
42 verbose parsed url   path: '1.4.4%20-%201.6.0',
42 verbose parsed url   href: '1.4.4%20-%201.6.0' }
43 verbose addNamed [ 'underscore', '1.4.4 - 1.6.0' ]
44 verbose addNamed [ null, '>=1.4.4 <=1.6.0' ]
45 verbose cache add name="chai" spec="^1.10.0" args=["chai","^1.10.0"]
46 verbose parsed url { protocol: null,
46 verbose parsed url   slashes: null,
46 verbose parsed url   auth: null,
46 verbose parsed url   host: null,
46 verbose parsed url   port: null,
46 verbose parsed url   hostname: null,
46 verbose parsed url   hash: null,
46 verbose parsed url   search: null,
46 verbose parsed url   query: null,
46 verbose parsed url   pathname: '^1.10.0',
46 verbose parsed url   path: '^1.10.0',
46 verbose parsed url   href: '^1.10.0' }
47 verbose addNamed [ 'chai', '^1.10.0' ]
48 verbose addNamed [ null, '>=1.10.0-0 <2.0.0-0' ]
49 verbose cache add name="chai-jq" spec="0.0.8" args=["chai-jq","0.0.8"]
50 verbose parsed url { protocol: null,
50 verbose parsed url   slashes: null,
50 verbose parsed url   auth: null,
50 verbose parsed url   host: null,
50 verbose parsed url   port: null,
50 verbose parsed url   hostname: null,
50 verbose parsed url   hash: null,
50 verbose parsed url   search: null,
50 verbose parsed url   query: null,
50 verbose parsed url   pathname: '0.0.8',
50 verbose parsed url   path: '0.0.8',
50 verbose parsed url   href: '0.0.8' }
51 verbose addNamed [ 'chai-jq', '0.0.8' ]
52 verbose addNamed [ '0.0.8', '0.0.8' ]
53 verbose cache add name="grunt" spec="^0.4.5" args=["grunt","^0.4.5"]
54 verbose parsed url { protocol: null,
54 verbose parsed url   slashes: null,
54 verbose parsed url   auth: null,
54 verbose parsed url   host: null,
54 verbose parsed url   port: null,
54 verbose parsed url   hostname: null,
54 verbose parsed url   hash: null,
54 verbose parsed url   search: null,
54 verbose parsed url   query: null,
54 verbose parsed url   pathname: '^0.4.5',
54 verbose parsed url   path: '^0.4.5',
54 verbose parsed url   href: '^0.4.5' }
55 verbose addNamed [ 'grunt', '^0.4.5' ]
56 verbose addNamed [ null, '>=0.4.5-0 <0.5.0-0' ]
57 verbose cache add name="grunt-contrib-connect" spec="^0.9.0" args=["grunt-contrib-connect","^0.9.0"]
58 verbose parsed url { protocol: null,
58 verbose parsed url   slashes: null,
58 verbose parsed url   auth: null,
58 verbose parsed url   host: null,
58 verbose parsed url   port: null,
58 verbose parsed url   hostname: null,
58 verbose parsed url   hash: null,
58 verbose parsed url   search: null,
58 verbose parsed url   query: null,
58 verbose parsed url   pathname: '^0.9.0',
58 verbose parsed url   path: '^0.9.0',
58 verbose parsed url   href: '^0.9.0' }
59 verbose addNamed [ 'grunt-contrib-connect', '^0.9.0' ]
60 verbose addNamed [ null, '>=0.9.0-0 <0.10.0-0' ]
61 verbose cache add [ 'grunt-contrib-sass@^0.8.1', null ]
62 verbose cache add name=undefined spec="grunt-contrib-sass@^0.8.1" args=["grunt-contrib-sass@^0.8.1",null]
63 verbose parsed url { protocol: null,
63 verbose parsed url   slashes: null,
63 verbose parsed url   auth: null,
63 verbose parsed url   host: null,
63 verbose parsed url   port: null,
63 verbose parsed url   hostname: null,
63 verbose parsed url   hash: null,
63 verbose parsed url   search: null,
63 verbose parsed url   query: null,
63 verbose parsed url   pathname: 'grunt-contrib-sass@^0.8.1',
63 verbose parsed url   path: 'grunt-contrib-sass@^0.8.1',
63 verbose parsed url   href: 'grunt-contrib-sass@^0.8.1' }
64 verbose cache add [ 'grunt-contrib-watch@^0.6.1', null ]
65 verbose cache add name=undefined spec="grunt-contrib-watch@^0.6.1" args=["grunt-contrib-watch@^0.6.1",null]
66 verbose parsed url { protocol: null,
66 verbose parsed url   slashes: null,
66 verbose parsed url   auth: null,
66 verbose parsed url   host: null,
66 verbose parsed url   port: null,
66 verbose parsed url   hostname: null,
66 verbose parsed url   hash: null,
66 verbose parsed url   search: null,
66 verbose parsed url   query: null,
66 verbose parsed url   pathname: 'grunt-contrib-watch@^0.6.1',
66 verbose parsed url   path: 'grunt-contrib-watch@^0.6.1',
66 verbose parsed url   href: 'grunt-contrib-watch@^0.6.1' }
67 verbose cache add [ 'grunt-mocha-test@^0.12.4', null ]
68 verbose cache add name=undefined spec="grunt-mocha-test@^0.12.4" args=["grunt-mocha-test@^0.12.4",null]
69 verbose parsed url { protocol: null,
69 verbose parsed url   slashes: null,
69 verbose parsed url   auth: null,
69 verbose parsed url   host: null,
69 verbose parsed url   port: null,
69 verbose parsed url   hostname: null,
69 verbose parsed url   hash: null,
69 verbose parsed url   search: null,
69 verbose parsed url   query: null,
69 verbose parsed url   pathname: 'grunt-mocha-test@^0.12.4',
69 verbose parsed url   path: 'grunt-mocha-test@^0.12.4',
69 verbose parsed url   href: 'grunt-mocha-test@^0.12.4' }
70 verbose cache add [ 'jshint-stylish@^1.0.0', null ]
71 verbose cache add name=undefined spec="jshint-stylish@^1.0.0" args=["jshint-stylish@^1.0.0",null]
72 verbose parsed url { protocol: null,
72 verbose parsed url   slashes: null,
72 verbose parsed url   auth: null,
72 verbose parsed url   host: null,
72 verbose parsed url   port: null,
72 verbose parsed url   hostname: null,
72 verbose parsed url   hash: null,
72 verbose parsed url   search: null,
72 verbose parsed url   query: null,
72 verbose parsed url   pathname: 'jshint-stylish@^1.0.0',
72 verbose parsed url   path: 'jshint-stylish@^1.0.0',
72 verbose parsed url   href: 'jshint-stylish@^1.0.0' }
73 verbose cache add [ 'load-grunt-tasks@^1.0.0', null ]
74 verbose cache add name=undefined spec="load-grunt-tasks@^1.0.0" args=["load-grunt-tasks@^1.0.0",null]
75 verbose parsed url { protocol: null,
75 verbose parsed url   slashes: null,
75 verbose parsed url   auth: null,
75 verbose parsed url   host: null,
75 verbose parsed url   port: null,
75 verbose parsed url   hostname: null,
75 verbose parsed url   hash: null,
75 verbose parsed url   search: null,
75 verbose parsed url   query: null,
75 verbose parsed url   pathname: 'load-grunt-tasks@^1.0.0',
75 verbose parsed url   path: 'load-grunt-tasks@^1.0.0',
75 verbose parsed url   href: 'load-grunt-tasks@^1.0.0' }
76 verbose cache add [ 'mocha@^2.0.1', null ]
77 verbose cache add name=undefined spec="mocha@^2.0.1" args=["mocha@^2.0.1",null]
78 verbose parsed url { protocol: null,
78 verbose parsed url   slashes: null,
78 verbose parsed url   auth: null,
78 verbose parsed url   host: null,
78 verbose parsed url   port: null,
78 verbose parsed url   hostname: null,
78 verbose parsed url   hash: null,
78 verbose parsed url   search: null,
78 verbose parsed url   query: null,
78 verbose parsed url   pathname: 'mocha@^2.0.1',
78 verbose parsed url   path: 'mocha@^2.0.1',
78 verbose parsed url   href: 'mocha@^2.0.1' }
79 verbose cache add [ 'sinon@^1.12.1', null ]
80 verbose cache add name=undefined spec="sinon@^1.12.1" args=["sinon@^1.12.1",null]
81 verbose parsed url { protocol: null,
81 verbose parsed url   slashes: null,
81 verbose parsed url   auth: null,
81 verbose parsed url   host: null,
81 verbose parsed url   port: null,
81 verbose parsed url   hostname: null,
81 verbose parsed url   hash: null,
81 verbose parsed url   search: null,
81 verbose parsed url   query: null,
81 verbose parsed url   pathname: 'sinon@^1.12.1',
81 verbose parsed url   path: 'sinon@^1.12.1',
81 verbose parsed url   href: 'sinon@^1.12.1' }
82 verbose cache add [ 'sinon-chai@^2.6.0', null ]
83 verbose cache add name=undefined spec="sinon-chai@^2.6.0" args=["sinon-chai@^2.6.0",null]
84 verbose parsed url { protocol: null,
84 verbose parsed url   slashes: null,
84 verbose parsed url   auth: null,
84 verbose parsed url   host: null,
84 verbose parsed url   port: null,
84 verbose parsed url   hostname: null,
84 verbose parsed url   hash: null,
84 verbose parsed url   search: null,
84 verbose parsed url   query: null,
84 verbose parsed url   pathname: 'sinon-chai@^2.6.0',
84 verbose parsed url   path: 'sinon-chai@^2.6.0',
84 verbose parsed url   href: 'sinon-chai@^2.6.0' }
85 verbose cache add [ 'unwrap@^0.1.0', null ]
86 verbose cache add name=undefined spec="unwrap@^0.1.0" args=["unwrap@^0.1.0",null]
87 verbose parsed url { protocol: null,
87 verbose parsed url   slashes: null,
87 verbose parsed url   auth: null,
87 verbose parsed url   host: null,
87 verbose parsed url   port: null,
87 verbose parsed url   hostname: null,
87 verbose parsed url   hash: null,
87 verbose parsed url   search: null,
87 verbose parsed url   query: null,
87 verbose parsed url   pathname: 'unwrap@^0.1.0',
87 verbose parsed url   path: 'unwrap@^0.1.0',
87 verbose parsed url   href: 'unwrap@^0.1.0' }
88 verbose cache add name="grunt-contrib-jshint" spec="^0.10.0" args=["grunt-contrib-jshint","^0.10.0"]
89 verbose parsed url { protocol: null,
89 verbose parsed url   slashes: null,
89 verbose parsed url   auth: null,
89 verbose parsed url   host: null,
89 verbose parsed url   port: null,
89 verbose parsed url   hostname: null,
89 verbose parsed url   hash: null,
89 verbose parsed url   search: null,
89 verbose parsed url   query: null,
89 verbose parsed url   pathname: '^0.10.0',
89 verbose parsed url   path: '^0.10.0',
89 verbose parsed url   href: '^0.10.0' }
90 verbose addNamed [ 'grunt-contrib-jshint', '^0.10.0' ]
91 verbose addNamed [ null, '>=0.10.0-0 <0.11.0-0' ]
92 silly lockFile 305736f4-marionette-2-1-0 marionette@^2.1.0
93 verbose lock marionette@^2.1.0 /Users/pascal/.npm/305736f4-marionette-2-1-0.lock
94 silly lockFile 71bb99bf-backbone-1-0-0-1-1-2 backbone@1.0.0 - 1.1.2
95 verbose lock backbone@1.0.0 - 1.1.2 /Users/pascal/.npm/71bb99bf-backbone-1-0-0-1-1-2.lock
96 silly lockFile a6a4a9fc-underscore-1-4-4-1-6-0 underscore@1.4.4 - 1.6.0
97 verbose lock underscore@1.4.4 - 1.6.0 /Users/pascal/.npm/a6a4a9fc-underscore-1-4-4-1-6-0.lock
98 silly lockFile 55766717-chai-1-10-0 chai@^1.10.0
99 verbose lock chai@^1.10.0 /Users/pascal/.npm/55766717-chai-1-10-0.lock
100 silly lockFile b493d8c3-chai-jq-0-0-8 chai-jq@0.0.8
101 verbose lock chai-jq@0.0.8 /Users/pascal/.npm/b493d8c3-chai-jq-0-0-8.lock
102 silly lockFile 73541f84-grunt-0-4-5 grunt@^0.4.5
103 verbose lock grunt@^0.4.5 /Users/pascal/.npm/73541f84-grunt-0-4-5.lock
104 silly lockFile 8990ac20-grunt-contrib-connect-0-9-0 grunt-contrib-connect@^0.9.0
105 verbose lock grunt-contrib-connect@^0.9.0 /Users/pascal/.npm/8990ac20-grunt-contrib-connect-0-9-0.lock
106 silly lockFile 1bfa20d8-grunt-contrib-jshint-0-10-0 grunt-contrib-jshint@^0.10.0
107 verbose lock grunt-contrib-jshint@^0.10.0 /Users/pascal/.npm/1bfa20d8-grunt-contrib-jshint-0-10-0.lock
108 verbose cache add name="grunt-contrib-sass" spec="^0.8.1" args=["grunt-contrib-sass","^0.8.1"]
109 verbose parsed url { protocol: null,
109 verbose parsed url   slashes: null,
109 verbose parsed url   auth: null,
109 verbose parsed url   host: null,
109 verbose parsed url   port: null,
109 verbose parsed url   hostname: null,
109 verbose parsed url   hash: null,
109 verbose parsed url   search: null,
109 verbose parsed url   query: null,
109 verbose parsed url   pathname: '^0.8.1',
109 verbose parsed url   path: '^0.8.1',
109 verbose parsed url   href: '^0.8.1' }
110 verbose addNamed [ 'grunt-contrib-sass', '^0.8.1' ]
111 verbose addNamed [ null, '>=0.8.1-0 <0.9.0-0' ]
112 silly lockFile 624c9b3d-grunt-contrib-sass-0-8-1 grunt-contrib-sass@^0.8.1
113 verbose lock grunt-contrib-sass@^0.8.1 /Users/pascal/.npm/624c9b3d-grunt-contrib-sass-0-8-1.lock
114 verbose cache add name="grunt-contrib-watch" spec="^0.6.1" args=["grunt-contrib-watch","^0.6.1"]
115 verbose parsed url { protocol: null,
115 verbose parsed url   slashes: null,
115 verbose parsed url   auth: null,
115 verbose parsed url   host: null,
115 verbose parsed url   port: null,
115 verbose parsed url   hostname: null,
115 verbose parsed url   hash: null,
115 verbose parsed url   search: null,
115 verbose parsed url   query: null,
115 verbose parsed url   pathname: '^0.6.1',
115 verbose parsed url   path: '^0.6.1',
115 verbose parsed url   href: '^0.6.1' }
116 verbose addNamed [ 'grunt-contrib-watch', '^0.6.1' ]
117 verbose addNamed [ null, '>=0.6.1-0 <0.7.0-0' ]
118 silly lockFile 224b1ece-grunt-contrib-watch-0-6-1 grunt-contrib-watch@^0.6.1
119 verbose lock grunt-contrib-watch@^0.6.1 /Users/pascal/.npm/224b1ece-grunt-contrib-watch-0-6-1.lock
120 verbose cache add name="grunt-mocha-test" spec="^0.12.4" args=["grunt-mocha-test","^0.12.4"]
121 verbose parsed url { protocol: null,
121 verbose parsed url   slashes: null,
121 verbose parsed url   auth: null,
121 verbose parsed url   host: null,
121 verbose parsed url   port: null,
121 verbose parsed url   hostname: null,
121 verbose parsed url   hash: null,
121 verbose parsed url   search: null,
121 verbose parsed url   query: null,
121 verbose parsed url   pathname: '^0.12.4',
121 verbose parsed url   path: '^0.12.4',
121 verbose parsed url   href: '^0.12.4' }
122 verbose addNamed [ 'grunt-mocha-test', '^0.12.4' ]
123 verbose addNamed [ null, '>=0.12.4-0 <0.13.0-0' ]
124 silly lockFile ee46893d-grunt-mocha-test-0-12-4 grunt-mocha-test@^0.12.4
125 verbose lock grunt-mocha-test@^0.12.4 /Users/pascal/.npm/ee46893d-grunt-mocha-test-0-12-4.lock
126 verbose cache add name="jshint-stylish" spec="^1.0.0" args=["jshint-stylish","^1.0.0"]
127 verbose parsed url { protocol: null,
127 verbose parsed url   slashes: null,
127 verbose parsed url   auth: null,
127 verbose parsed url   host: null,
127 verbose parsed url   port: null,
127 verbose parsed url   hostname: null,
127 verbose parsed url   hash: null,
127 verbose parsed url   search: null,
127 verbose parsed url   query: null,
127 verbose parsed url   pathname: '^1.0.0',
127 verbose parsed url   path: '^1.0.0',
127 verbose parsed url   href: '^1.0.0' }
128 verbose addNamed [ 'jshint-stylish', '^1.0.0' ]
129 verbose addNamed [ null, '>=1.0.0-0 <2.0.0-0' ]
130 silly lockFile 522e2e8d-jshint-stylish-1-0-0 jshint-stylish@^1.0.0
131 verbose lock jshint-stylish@^1.0.0 /Users/pascal/.npm/522e2e8d-jshint-stylish-1-0-0.lock
132 verbose cache add name="load-grunt-tasks" spec="^1.0.0" args=["load-grunt-tasks","^1.0.0"]
133 verbose parsed url { protocol: null,
133 verbose parsed url   slashes: null,
133 verbose parsed url   auth: null,
133 verbose parsed url   host: null,
133 verbose parsed url   port: null,
133 verbose parsed url   hostname: null,
133 verbose parsed url   hash: null,
133 verbose parsed url   search: null,
133 verbose parsed url   query: null,
133 verbose parsed url   pathname: '^1.0.0',
133 verbose parsed url   path: '^1.0.0',
133 verbose parsed url   href: '^1.0.0' }
134 verbose addNamed [ 'load-grunt-tasks', '^1.0.0' ]
135 verbose addNamed [ null, '>=1.0.0-0 <2.0.0-0' ]
136 silly lockFile a3737295-load-grunt-tasks-1-0-0 load-grunt-tasks@^1.0.0
137 verbose lock load-grunt-tasks@^1.0.0 /Users/pascal/.npm/a3737295-load-grunt-tasks-1-0-0.lock
138 verbose cache add name="mocha" spec="^2.0.1" args=["mocha","^2.0.1"]
139 verbose parsed url { protocol: null,
139 verbose parsed url   slashes: null,
139 verbose parsed url   auth: null,
139 verbose parsed url   host: null,
139 verbose parsed url   port: null,
139 verbose parsed url   hostname: null,
139 verbose parsed url   hash: null,
139 verbose parsed url   search: null,
139 verbose parsed url   query: null,
139 verbose parsed url   pathname: '^2.0.1',
139 verbose parsed url   path: '^2.0.1',
139 verbose parsed url   href: '^2.0.1' }
140 verbose addNamed [ 'mocha', '^2.0.1' ]
141 verbose addNamed [ null, '>=2.0.1-0 <3.0.0-0' ]
142 silly lockFile 69e0deef-mocha-2-0-1 mocha@^2.0.1
143 verbose lock mocha@^2.0.1 /Users/pascal/.npm/69e0deef-mocha-2-0-1.lock
144 verbose cache add name="sinon" spec="^1.12.1" args=["sinon","^1.12.1"]
145 verbose parsed url { protocol: null,
145 verbose parsed url   slashes: null,
145 verbose parsed url   auth: null,
145 verbose parsed url   host: null,
145 verbose parsed url   port: null,
145 verbose parsed url   hostname: null,
145 verbose parsed url   hash: null,
145 verbose parsed url   search: null,
145 verbose parsed url   query: null,
145 verbose parsed url   pathname: '^1.12.1',
145 verbose parsed url   path: '^1.12.1',
145 verbose parsed url   href: '^1.12.1' }
146 verbose addNamed [ 'sinon', '^1.12.1' ]
147 verbose addNamed [ null, '>=1.12.1-0 <2.0.0-0' ]
148 silly lockFile f7701ada-sinon-1-12-1 sinon@^1.12.1
149 verbose lock sinon@^1.12.1 /Users/pascal/.npm/f7701ada-sinon-1-12-1.lock
150 verbose cache add name="sinon-chai" spec="^2.6.0" args=["sinon-chai","^2.6.0"]
151 verbose parsed url { protocol: null,
151 verbose parsed url   slashes: null,
151 verbose parsed url   auth: null,
151 verbose parsed url   host: null,
151 verbose parsed url   port: null,
151 verbose parsed url   hostname: null,
151 verbose parsed url   hash: null,
151 verbose parsed url   search: null,
151 verbose parsed url   query: null,
151 verbose parsed url   pathname: '^2.6.0',
151 verbose parsed url   path: '^2.6.0',
151 verbose parsed url   href: '^2.6.0' }
152 verbose addNamed [ 'sinon-chai', '^2.6.0' ]
153 verbose addNamed [ null, '>=2.6.0-0 <3.0.0-0' ]
154 silly lockFile ac5ea0e3-sinon-chai-2-6-0 sinon-chai@^2.6.0
155 verbose lock sinon-chai@^2.6.0 /Users/pascal/.npm/ac5ea0e3-sinon-chai-2-6-0.lock
156 verbose cache add name="unwrap" spec="^0.1.0" args=["unwrap","^0.1.0"]
157 verbose parsed url { protocol: null,
157 verbose parsed url   slashes: null,
157 verbose parsed url   auth: null,
157 verbose parsed url   host: null,
157 verbose parsed url   port: null,
157 verbose parsed url   hostname: null,
157 verbose parsed url   hash: null,
157 verbose parsed url   search: null,
157 verbose parsed url   query: null,
157 verbose parsed url   pathname: '^0.1.0',
157 verbose parsed url   path: '^0.1.0',
157 verbose parsed url   href: '^0.1.0' }
158 verbose addNamed [ 'unwrap', '^0.1.0' ]
159 verbose addNamed [ null, '>=0.1.0-0 <0.2.0-0' ]
160 silly lockFile 73099dd8-unwrap-0-1-0 unwrap@^0.1.0
161 verbose lock unwrap@^0.1.0 /Users/pascal/.npm/73099dd8-unwrap-0-1-0.lock
162 silly addNameRange { name: 'marionette',
162 silly addNameRange   range: '>=2.1.0-0 <3.0.0-0',
162 silly addNameRange   hasData: false }
163 silly addNameRange { name: 'underscore', range: '>=1.4.4 <=1.6.0', hasData: false }
164 silly addNameRange { name: 'backbone', range: '>=1.0.0 <=1.1.2', hasData: false }
165 silly addNameRange { name: 'chai', range: '>=1.10.0-0 <2.0.0-0', hasData: false }
166 silly addNameRange { name: 'grunt', range: '>=0.4.5-0 <0.5.0-0', hasData: false }
167 silly addNameRange { name: 'grunt-contrib-connect',
167 silly addNameRange   range: '>=0.9.0-0 <0.10.0-0',
167 silly addNameRange   hasData: false }
168 silly addNameRange { name: 'grunt-contrib-jshint',
168 silly addNameRange   range: '>=0.10.0-0 <0.11.0-0',
168 silly addNameRange   hasData: false }
169 silly addNameRange { name: 'grunt-contrib-sass',
169 silly addNameRange   range: '>=0.8.1-0 <0.9.0-0',
169 silly addNameRange   hasData: false }
170 silly addNameRange { name: 'grunt-mocha-test',
170 silly addNameRange   range: '>=0.12.4-0 <0.13.0-0',
170 silly addNameRange   hasData: false }
171 silly addNameRange { name: 'grunt-contrib-watch',
171 silly addNameRange   range: '>=0.6.1-0 <0.7.0-0',
171 silly addNameRange   hasData: false }
172 silly addNameRange { name: 'jshint-stylish',
172 silly addNameRange   range: '>=1.0.0-0 <2.0.0-0',
172 silly addNameRange   hasData: false }
173 silly addNameRange { name: 'load-grunt-tasks',
173 silly addNameRange   range: '>=1.0.0-0 <2.0.0-0',
173 silly addNameRange   hasData: false }
174 silly addNameRange { name: 'mocha', range: '>=2.0.1-0 <3.0.0-0', hasData: false }
175 silly addNameRange { name: 'sinon', range: '>=1.12.1-0 <2.0.0-0', hasData: false }
176 silly addNameRange { name: 'sinon-chai',
176 silly addNameRange   range: '>=2.6.0-0 <3.0.0-0',
176 silly addNameRange   hasData: false }
177 silly addNameRange { name: 'unwrap', range: '>=0.1.0-0 <0.2.0-0', hasData: false }
178 verbose request where is /marionette
179 verbose request registry https://aboutdotme.registry.nodejitsu.com/
180 verbose request id 67bd28119c055f68
181 verbose url raw /marionette
182 verbose url resolving [ 'https://aboutdotme.registry.nodejitsu.com/', './marionette' ]
183 verbose url resolved https://aboutdotme.registry.nodejitsu.com/marionette
184 verbose request where is https://aboutdotme.registry.nodejitsu.com/marionette
185 info trying registry request attempt 1 at 11:20:27
186 verbose etag "9KV0J5548PTL3US9DD2LLEK07"
187 http GET https://aboutdotme.registry.nodejitsu.com/marionette
188 verbose request where is /underscore
189 verbose request registry https://aboutdotme.registry.nodejitsu.com/
190 verbose url raw /underscore
191 verbose url resolving [ 'https://aboutdotme.registry.nodejitsu.com/', './underscore' ]
192 verbose url resolved https://aboutdotme.registry.nodejitsu.com/underscore
193 verbose request where is https://aboutdotme.registry.nodejitsu.com/underscore
194 info trying registry request attempt 1 at 11:20:27
195 verbose etag "DWDQLWJTJVTTXGEYQEAG9P7E0"
196 http GET https://aboutdotme.registry.nodejitsu.com/underscore
197 verbose request where is /backbone
198 verbose request registry https://aboutdotme.registry.nodejitsu.com/
199 verbose url raw /backbone
200 verbose url resolving [ 'https://aboutdotme.registry.nodejitsu.com/', './backbone' ]
201 verbose url resolved https://aboutdotme.registry.nodejitsu.com/backbone
202 verbose request where is https://aboutdotme.registry.nodejitsu.com/backbone
203 info trying registry request attempt 1 at 11:20:28
204 verbose etag "B5OVM6LYZAY5K2U0ZTIH9NV9Y"
205 http GET https://aboutdotme.registry.nodejitsu.com/backbone
206 verbose request where is /chai
207 verbose request registry https://aboutdotme.registry.nodejitsu.com/
208 verbose url raw /chai
209 verbose url resolving [ 'https://aboutdotme.registry.nodejitsu.com/', './chai' ]
210 verbose url resolved https://aboutdotme.registry.nodejitsu.com/chai
211 verbose request where is https://aboutdotme.registry.nodejitsu.com/chai
212 info trying registry request attempt 1 at 11:20:28
213 verbose etag "BKXYVEGKPBBREG025WH20DHKE"
214 http GET https://aboutdotme.registry.nodejitsu.com/chai
215 verbose request where is /grunt-contrib-connect
216 verbose request registry https://aboutdotme.registry.nodejitsu.com/
217 verbose url raw /grunt-contrib-connect
218 verbose url resolving [ 'https://aboutdotme.registry.nodejitsu.com/',
218 verbose url resolving   './grunt-contrib-connect' ]
219 verbose url resolved https://aboutdotme.registry.nodejitsu.com/grunt-contrib-connect
220 verbose request where is https://aboutdotme.registry.nodejitsu.com/grunt-contrib-connect
221 info trying registry request attempt 1 at 11:20:28
222 verbose etag "2LQQJ1EJR3F3NMD00L4D19G9M"
223 http GET https://aboutdotme.registry.nodejitsu.com/grunt-contrib-connect
224 verbose request where is /grunt
225 verbose request registry https://aboutdotme.registry.nodejitsu.com/
226 verbose url raw /grunt
227 verbose url resolving [ 'https://aboutdotme.registry.nodejitsu.com/', './grunt' ]
228 verbose url resolved https://aboutdotme.registry.nodejitsu.com/grunt
229 verbose request where is https://aboutdotme.registry.nodejitsu.com/grunt
230 info trying registry request attempt 1 at 11:20:28
231 verbose etag "3DNRA2QJSIBGUQ9HPK997CSUJ"
232 http GET https://aboutdotme.registry.nodejitsu.com/grunt
233 verbose request where is /grunt-contrib-sass
234 verbose request registry https://aboutdotme.registry.nodejitsu.com/
235 verbose url raw /grunt-contrib-sass
236 verbose url resolving [ 'https://aboutdotme.registry.nodejitsu.com/',
236 verbose url resolving   './grunt-contrib-sass' ]
237 verbose url resolved https://aboutdotme.registry.nodejitsu.com/grunt-contrib-sass
238 verbose request where is https://aboutdotme.registry.nodejitsu.com/grunt-contrib-sass
239 info trying registry request attempt 1 at 11:20:28
240 verbose etag "BJ66NERC6JHBFTL2A1XRCKY3Q"
241 http GET https://aboutdotme.registry.nodejitsu.com/grunt-contrib-sass
242 verbose request where is /grunt-contrib-jshint
243 verbose request registry https://aboutdotme.registry.nodejitsu.com/
244 verbose url raw /grunt-contrib-jshint
245 verbose url resolving [ 'https://aboutdotme.registry.nodejitsu.com/',
245 verbose url resolving   './grunt-contrib-jshint' ]
246 verbose url resolved https://aboutdotme.registry.nodejitsu.com/grunt-contrib-jshint
247 verbose request where is https://aboutdotme.registry.nodejitsu.com/grunt-contrib-jshint
248 info trying registry request attempt 1 at 11:20:28
249 verbose etag "BP7N40E8M77AEH3KE4WI69VI7"
250 http GET https://aboutdotme.registry.nodejitsu.com/grunt-contrib-jshint
251 verbose request where is /chai-jq
252 verbose request registry https://aboutdotme.registry.nodejitsu.com/
253 verbose url raw /chai-jq
254 verbose url resolving [ 'https://aboutdotme.registry.nodejitsu.com/', './chai-jq' ]
255 verbose url resolved https://aboutdotme.registry.nodejitsu.com/chai-jq
256 verbose request where is https://aboutdotme.registry.nodejitsu.com/chai-jq
257 info trying registry request attempt 1 at 11:20:28
258 verbose etag "5COA6DHC1EMWNU6CNL8SL08EI"
259 http GET https://aboutdotme.registry.nodejitsu.com/chai-jq
260 verbose request where is /jshint-stylish
261 verbose request registry https://aboutdotme.registry.nodejitsu.com/
262 verbose url raw /jshint-stylish
263 verbose url resolving [ 'https://aboutdotme.registry.nodejitsu.com/',
263 verbose url resolving   './jshint-stylish' ]
264 verbose url resolved https://aboutdotme.registry.nodejitsu.com/jshint-stylish
265 verbose request where is https://aboutdotme.registry.nodejitsu.com/jshint-stylish
266 info trying registry request attempt 1 at 11:20:28
267 verbose etag "3V86V6BAXE9E6RW86W4OTF2BB"
268 http GET https://aboutdotme.registry.nodejitsu.com/jshint-stylish
269 verbose request where is /grunt-contrib-watch
270 verbose request registry https://aboutdotme.registry.nodejitsu.com/
271 verbose url raw /grunt-contrib-watch
272 verbose url resolving [ 'https://aboutdotme.registry.nodejitsu.com/',
272 verbose url resolving   './grunt-contrib-watch' ]
273 verbose url resolved https://aboutdotme.registry.nodejitsu.com/grunt-contrib-watch
274 verbose request where is https://aboutdotme.registry.nodejitsu.com/grunt-contrib-watch
275 info trying registry request attempt 1 at 11:20:28
276 verbose etag "7A8M8UKRVJ5Q6BPBA0OZ4P6UX"
277 http GET https://aboutdotme.registry.nodejitsu.com/grunt-contrib-watch
278 verbose request where is /grunt-mocha-test
279 verbose request registry https://aboutdotme.registry.nodejitsu.com/
280 verbose url raw /grunt-mocha-test
281 verbose url resolving [ 'https://aboutdotme.registry.nodejitsu.com/',
281 verbose url resolving   './grunt-mocha-test' ]
282 verbose url resolved https://aboutdotme.registry.nodejitsu.com/grunt-mocha-test
283 verbose request where is https://aboutdotme.registry.nodejitsu.com/grunt-mocha-test
284 info trying registry request attempt 1 at 11:20:28
285 verbose etag "1GM3KZAPAUD7BHZ8NOJ8OGDXB"
286 http GET https://aboutdotme.registry.nodejitsu.com/grunt-mocha-test
287 verbose request where is /load-grunt-tasks
288 verbose request registry https://aboutdotme.registry.nodejitsu.com/
289 verbose url raw /load-grunt-tasks
290 verbose url resolving [ 'https://aboutdotme.registry.nodejitsu.com/',
290 verbose url resolving   './load-grunt-tasks' ]
291 verbose url resolved https://aboutdotme.registry.nodejitsu.com/load-grunt-tasks
292 verbose request where is https://aboutdotme.registry.nodejitsu.com/load-grunt-tasks
293 info trying registry request attempt 1 at 11:20:28
294 verbose etag "A5H0C0LVOU9OTJ00CWKWR72RU"
295 http GET https://aboutdotme.registry.nodejitsu.com/load-grunt-tasks
296 verbose request where is /sinon
297 verbose request registry https://aboutdotme.registry.nodejitsu.com/
298 verbose url raw /sinon
299 verbose url resolving [ 'https://aboutdotme.registry.nodejitsu.com/', './sinon' ]
300 verbose url resolved https://aboutdotme.registry.nodejitsu.com/sinon
301 verbose request where is https://aboutdotme.registry.nodejitsu.com/sinon
302 info trying registry request attempt 1 at 11:20:28
303 verbose etag "ERBJAGYYZT4HECU3DWY4M41XR"
304 http GET https://aboutdotme.registry.nodejitsu.com/sinon
305 verbose request where is /unwrap
306 verbose request registry https://aboutdotme.registry.nodejitsu.com/
307 verbose url raw /unwrap
308 verbose url resolving [ 'https://aboutdotme.registry.nodejitsu.com/', './unwrap' ]
309 verbose url resolved https://aboutdotme.registry.nodejitsu.com/unwrap
310 verbose request where is https://aboutdotme.registry.nodejitsu.com/unwrap
311 info trying registry request attempt 1 at 11:20:28
312 verbose etag "4Q5KEB02IU79WAPDG4EKKN36X"
313 http GET https://aboutdotme.registry.nodejitsu.com/unwrap
314 verbose request where is /mocha
315 verbose request registry https://aboutdotme.registry.nodejitsu.com/
316 verbose url raw /mocha
317 verbose url resolving [ 'https://aboutdotme.registry.nodejitsu.com/', './mocha' ]
318 verbose url resolved https://aboutdotme.registry.nodejitsu.com/mocha
319 verbose request where is https://aboutdotme.registry.nodejitsu.com/mocha
320 info trying registry request attempt 1 at 11:20:28
321 verbose etag "7VIRCZJS96L4UA2N4FYZMM9VM"
322 http GET https://aboutdotme.registry.nodejitsu.com/mocha
323 verbose request where is /sinon-chai
324 verbose request registry https://aboutdotme.registry.nodejitsu.com/
325 verbose url raw /sinon-chai
326 verbose url resolving [ 'https://aboutdotme.registry.nodejitsu.com/', './sinon-chai' ]
327 verbose url resolved https://aboutdotme.registry.nodejitsu.com/sinon-chai
328 verbose request where is https://aboutdotme.registry.nodejitsu.com/sinon-chai
329 info trying registry request attempt 1 at 11:20:28
330 verbose etag "CSB7Y471ZO1VU7DSZQC3OM8NR"
331 http GET https://aboutdotme.registry.nodejitsu.com/sinon-chai
332 http 304 https://aboutdotme.registry.nodejitsu.com/chai
333 silly registry.get cb [ 304,
333 silly registry.get   { server: 'CouchDB/1.5.0 (Erlang OTP/R15B03)',
333 silly registry.get     etag: '"BKXYVEGKPBBREG025WH20DHKE"',
333 silly registry.get     date: 'Fri, 05 Dec 2014 16:20:28 GMT',
333 silly registry.get     'content-length': '0',
333 silly registry.get     connection: 'close' } ]
334 verbose etag https://aboutdotme.registry.nodejitsu.com/chai from cache
335 http 304 https://aboutdotme.registry.nodejitsu.com/grunt-contrib-connect
336 silly registry.get cb [ 304,
336 silly registry.get   { server: 'CouchDB/1.5.0 (Erlang OTP/R15B03)',
336 silly registry.get     etag: '"2LQQJ1EJR3F3NMD00L4D19G9M"',
336 silly registry.get     date: 'Fri, 05 Dec 2014 16:20:28 GMT',
336 silly registry.get     'content-length': '0',
336 silly registry.get     connection: 'close' } ]
337 verbose etag https://aboutdotme.registry.nodejitsu.com/grunt-contrib-connect from cache
338 http 304 https://aboutdotme.registry.nodejitsu.com/underscore
339 silly registry.get cb [ 304,
339 silly registry.get   { server: 'CouchDB/1.5.0 (Erlang OTP/R15B03)',
339 silly registry.get     etag: '"DWDQLWJTJVTTXGEYQEAG9P7E0"',
339 silly registry.get     date: 'Fri, 05 Dec 2014 16:20:28 GMT',
339 silly registry.get     'content-length': '0',
339 silly registry.get     connection: 'close' } ]
340 verbose etag https://aboutdotme.registry.nodejitsu.com/underscore from cache
341 http 304 https://aboutdotme.registry.nodejitsu.com/marionette
342 silly registry.get cb [ 304,
342 silly registry.get   { server: 'CouchDB/1.5.0 (Erlang OTP/R15B03)',
342 silly registry.get     etag: '"9KV0J5548PTL3US9DD2LLEK07"',
342 silly registry.get     date: 'Fri, 05 Dec 2014 16:20:28 GMT',
342 silly registry.get     'content-length': '0',
342 silly registry.get     connection: 'close' } ]
343 verbose etag https://aboutdotme.registry.nodejitsu.com/marionette from cache
344 http 304 https://aboutdotme.registry.nodejitsu.com/backbone
345 silly registry.get cb [ 304,
345 silly registry.get   { server: 'CouchDB/1.5.0 (Erlang OTP/R15B03)',
345 silly registry.get     etag: '"B5OVM6LYZAY5K2U0ZTIH9NV9Y"',
345 silly registry.get     date: 'Fri, 05 Dec 2014 16:20:28 GMT',
345 silly registry.get     'content-length': '0',
345 silly registry.get     connection: 'close' } ]
346 verbose etag https://aboutdotme.registry.nodejitsu.com/backbone from cache
347 silly addNameRange number 2 { name: 'grunt-contrib-connect',
347 silly addNameRange   range: '>=0.9.0-0 <0.10.0-0',
347 silly addNameRange   hasData: true }
348 silly addNameRange versions [ 'grunt-contrib-connect',
348 silly addNameRange   [ '0.1.0',
348 silly addNameRange     '0.1.1',
348 silly addNameRange     '0.1.2',
348 silly addNameRange     '0.2.0',
348 silly addNameRange     '0.3.0',
348 silly addNameRange     '0.4.0',
348 silly addNameRange     '0.4.1',
348 silly addNameRange     '0.4.2',
348 silly addNameRange     '0.5.0',
348 silly addNameRange     '0.6.0',
348 silly addNameRange     '0.7.0',
348 silly addNameRange     '0.7.1',
348 silly addNameRange     '0.8.0',
348 silly addNameRange     '0.9.0',
348 silly addNameRange     '0.1.1-rc6' ] ]
349 verbose addNamed [ 'grunt-contrib-connect', '0.9.0' ]
350 verbose addNamed [ '0.9.0', '0.9.0' ]
351 silly lockFile 24560514-grunt-contrib-connect-0-9-0 grunt-contrib-connect@0.9.0
352 verbose lock grunt-contrib-connect@0.9.0 /Users/pascal/.npm/24560514-grunt-contrib-connect-0-9-0.lock
353 silly addNameRange number 2 { name: 'underscore', range: '>=1.4.4 <=1.6.0', hasData: true }
354 silly addNameRange versions [ 'underscore',
354 silly addNameRange   [ '1.0.3',
354 silly addNameRange     '1.0.4',
354 silly addNameRange     '1.1.0',
354 silly addNameRange     '1.1.1',
354 silly addNameRange     '1.1.2',
354 silly addNameRange     '1.1.3',
354 silly addNameRange     '1.1.4',
354 silly addNameRange     '1.1.5',
354 silly addNameRange     '1.1.6',
354 silly addNameRange     '1.1.7',
354 silly addNameRange     '1.2.0',
354 silly addNameRange     '1.2.1',
354 silly addNameRange     '1.2.2',
354 silly addNameRange     '1.2.3',
354 silly addNameRange     '1.2.4',
354 silly addNameRange     '1.3.0',
354 silly addNameRange     '1.3.1',
354 silly addNameRange     '1.3.2',
354 silly addNameRange     '1.3.3',
354 silly addNameRange     '1.4.0',
354 silly addNameRange     '1.4.1',
354 silly addNameRange     '1.4.2',
354 silly addNameRange     '1.4.3',
354 silly addNameRange     '1.4.4',
354 silly addNameRange     '1.5.0',
354 silly addNameRange     '1.5.1',
354 silly addNameRange     '1.5.2',
354 silly addNameRange     '1.6.0',
354 silly addNameRange     '1.7.0' ] ]
355 verbose addNamed [ 'underscore', '1.6.0' ]
356 verbose addNamed [ '1.6.0', '1.6.0' ]
357 silly lockFile 96960ed1-underscore-1-6-0 underscore@1.6.0
358 verbose lock underscore@1.6.0 /Users/pascal/.npm/96960ed1-underscore-1-6-0.lock
359 silly addNameRange number 2 { name: 'backbone', range: '>=1.0.0 <=1.1.2', hasData: true }
360 silly addNameRange versions [ 'backbone',
360 silly addNameRange   [ '0.1.1',
360 silly addNameRange     '0.1.2',
360 silly addNameRange     '0.2.0',
360 silly addNameRange     '0.3.0',
360 silly addNameRange     '0.3.1',
360 silly addNameRange     '0.3.2',
360 silly addNameRange     '0.3.3',
360 silly addNameRange     '0.5.0',
360 silly addNameRange     '0.5.1',
360 silly addNameRange     '0.5.2',
360 silly addNameRange     '0.5.3',
360 silly addNameRange     '0.9.0',
360 silly addNameRange     '0.9.1',
360 silly addNameRange     '0.9.2',
360 silly addNameRange     '0.9.9',
360 silly addNameRange     '0.9.10',
360 silly addNameRange     '1.0.0',
360 silly addNameRange     '1.1.0',
360 silly addNameRange     '1.1.1',
360 silly addNameRange     '1.1.2' ] ]
361 verbose addNamed [ 'backbone', '1.1.2' ]
362 verbose addNamed [ '1.1.2', '1.1.2' ]
363 silly lockFile bd005187-backbone-1-1-2 backbone@1.1.2
364 verbose lock backbone@1.1.2 /Users/pascal/.npm/bd005187-backbone-1-1-2.lock
365 silly addNameRange number 2 { name: 'marionette',
365 silly addNameRange   range: '>=2.1.0-0 <3.0.0-0',
365 silly addNameRange   hasData: true }
366 silly addNameRange versions [ 'marionette', [ '0.0.0' ] ]
367 silly lockFile 305736f4-marionette-2-1-0 marionette@^2.1.0
368 silly lockFile 305736f4-marionette-2-1-0 marionette@^2.1.0
369 silly addNameRange number 2 { name: 'chai', range: '>=1.10.0-0 <2.0.0-0', hasData: true }
370 silly addNameRange versions [ 'chai',
370 silly addNameRange   [ '0.0.1',
370 silly addNameRange     '0.0.2',
370 silly addNameRange     '0.1.0',
370 silly addNameRange     '0.1.1',
370 silly addNameRange     '0.1.2',
370 silly addNameRange     '0.1.3',
370 silly addNameRange     '0.1.4',
370 silly addNameRange     '0.1.5',
370 silly addNameRange     '0.1.6',
370 silly addNameRange     '0.1.7',
370 silly addNameRange     '0.2.0',
370 silly addNameRange     '0.2.1',
370 silly addNameRange     '0.2.2',
370 silly addNameRange     '0.2.3',
370 silly addNameRange     '0.2.4',
370 silly addNameRange     '0.3.0',
370 silly addNameRange     '0.3.1',
370 silly addNameRange     '0.3.2',
370 silly addNameRange     '0.3.3',
370 silly addNameRange     '0.3.4',
370 silly addNameRange     '0.4.0',
370 silly addNameRange     '0.4.1',
370 silly addNameRange     '0.4.2',
370 silly addNameRange     '0.5.0',
370 silly addNameRange     '0.5.1',
370 silly addNameRange     '0.5.2',
370 silly addNameRange     '0.5.3',
370 silly addNameRange     '1.0.0',
370 silly addNameRange     '1.0.1',
370 silly addNameRange     '1.0.2',
370 silly addNameRange     '1.0.3',
370 silly addNameRange     '1.0.4',
370 silly addNameRange     '1.1.0',
370 silly addNameRange     '1.1.1',
370 silly addNameRange     '1.2.0',
370 silly addNameRange     '1.3.0',
370 silly addNameRange     '1.4.0',
370 silly addNameRange     '1.4.1',
370 silly addNameRange     '1.4.2',
370 silly addNameRange     '1.5.0',
370 silly addNameRange     '1.6.0',
370 silly addNameRange     '1.6.1',
370 silly addNameRange     '1.7.0',
370 silly addNameRange     '1.7.1',
370 silly addNameRange     '1.7.2',
370 silly addNameRange     '1.8.0',
370 silly addNameRange     '1.8.1',
370 silly addNameRange     '1.9.0',
370 silly addNameRange     '1.9.1',
370 silly addNameRange     '1.9.2',
370 silly addNameRange     '1.10.0' ] ]
371 verbose addNamed [ 'chai', '1.10.0' ]
372 verbose addNamed [ '1.10.0', '1.10.0' ]
373 silly lockFile 6724da50-chai-1-10-0 chai@1.10.0
374 verbose lock chai@1.10.0 /Users/pascal/.npm/6724da50-chai-1-10-0.lock
375 silly lockFile 6724da50-chai-1-10-0 chai@1.10.0
376 silly lockFile 6724da50-chai-1-10-0 chai@1.10.0
377 silly lockFile 96960ed1-underscore-1-6-0 underscore@1.6.0
378 silly lockFile 96960ed1-underscore-1-6-0 underscore@1.6.0
379 silly lockFile 24560514-grunt-contrib-connect-0-9-0 grunt-contrib-connect@0.9.0
380 silly lockFile 24560514-grunt-contrib-connect-0-9-0 grunt-contrib-connect@0.9.0
381 silly lockFile 55766717-chai-1-10-0 chai@^1.10.0
382 silly lockFile 55766717-chai-1-10-0 chai@^1.10.0
383 silly lockFile bd005187-backbone-1-1-2 backbone@1.1.2
384 silly lockFile bd005187-backbone-1-1-2 backbone@1.1.2
385 silly lockFile a6a4a9fc-underscore-1-4-4-1-6-0 underscore@1.4.4 - 1.6.0
386 silly lockFile a6a4a9fc-underscore-1-4-4-1-6-0 underscore@1.4.4 - 1.6.0
387 silly lockFile 8990ac20-grunt-contrib-connect-0-9-0 grunt-contrib-connect@^0.9.0
388 silly lockFile 8990ac20-grunt-contrib-connect-0-9-0 grunt-contrib-connect@^0.9.0
389 silly lockFile 71bb99bf-backbone-1-0-0-1-1-2 backbone@1.0.0 - 1.1.2
390 silly lockFile 71bb99bf-backbone-1-0-0-1-1-2 backbone@1.0.0 - 1.1.2
391 http 304 https://aboutdotme.registry.nodejitsu.com/jshint-stylish
392 silly registry.get cb [ 304,
392 silly registry.get   { server: 'CouchDB/1.5.0 (Erlang OTP/R15B03)',
392 silly registry.get     etag: '"3V86V6BAXE9E6RW86W4OTF2BB"',
392 silly registry.get     date: 'Fri, 05 Dec 2014 16:20:28 GMT',
392 silly registry.get     'content-length': '0',
392 silly registry.get     connection: 'close' } ]
393 verbose etag https://aboutdotme.registry.nodejitsu.com/jshint-stylish from cache
394 silly addNameRange number 2 { name: 'jshint-stylish',
394 silly addNameRange   range: '>=1.0.0-0 <2.0.0-0',
394 silly addNameRange   hasData: true }
395 silly addNameRange versions [ 'jshint-stylish',
395 silly addNameRange   [ '0.1.0',
395 silly addNameRange     '0.1.1',
395 silly addNameRange     '0.1.2',
395 silly addNameRange     '0.1.3',
395 silly addNameRange     '0.1.4',
395 silly addNameRange     '0.1.5',
395 silly addNameRange     '0.2.0',
395 silly addNameRange     '0.3.0',
395 silly addNameRange     '0.4.0',
395 silly addNameRange     '1.0.0' ] ]
396 verbose addNamed [ 'jshint-stylish', '1.0.0' ]
397 verbose addNamed [ '1.0.0', '1.0.0' ]
398 silly lockFile 52e6bf97-jshint-stylish-1-0-0 jshint-stylish@1.0.0
399 verbose lock jshint-stylish@1.0.0 /Users/pascal/.npm/52e6bf97-jshint-stylish-1-0-0.lock
400 silly lockFile 52e6bf97-jshint-stylish-1-0-0 jshint-stylish@1.0.0
401 silly lockFile 52e6bf97-jshint-stylish-1-0-0 jshint-stylish@1.0.0
402 silly lockFile 522e2e8d-jshint-stylish-1-0-0 jshint-stylish@^1.0.0
403 silly lockFile 522e2e8d-jshint-stylish-1-0-0 jshint-stylish@^1.0.0
404 http 304 https://aboutdotme.registry.nodejitsu.com/grunt
405 silly registry.get cb [ 304,
405 silly registry.get   { server: 'CouchDB/1.5.0 (Erlang OTP/R15B03)',
405 silly registry.get     etag: '"3DNRA2QJSIBGUQ9HPK997CSUJ"',
405 silly registry.get     date: 'Fri, 05 Dec 2014 16:20:28 GMT',
405 silly registry.get     'content-length': '0',
405 silly registry.get     connection: 'close' } ]
406 verbose etag https://aboutdotme.registry.nodejitsu.com/grunt from cache
407 http 304 https://aboutdotme.registry.nodejitsu.com/grunt-contrib-jshint
408 silly registry.get cb [ 304,
408 silly registry.get   { server: 'CouchDB/1.5.0 (Erlang OTP/R15B03)',
408 silly registry.get     etag: '"BP7N40E8M77AEH3KE4WI69VI7"',
408 silly registry.get     date: 'Fri, 05 Dec 2014 16:20:28 GMT',
408 silly registry.get     'content-length': '0',
408 silly registry.get     connection: 'close' } ]
409 verbose etag https://aboutdotme.registry.nodejitsu.com/grunt-contrib-jshint from cache
410 http 304 https://aboutdotme.registry.nodejitsu.com/chai-jq
411 silly registry.get cb [ 304,
411 silly registry.get   { server: 'CouchDB/1.5.0 (Erlang OTP/R15B03)',
411 silly registry.get     etag: '"5COA6DHC1EMWNU6CNL8SL08EI"',
411 silly registry.get     date: 'Fri, 05 Dec 2014 16:20:28 GMT',
411 silly registry.get     'content-length': '0',
411 silly registry.get     connection: 'close' } ]
412 verbose etag https://aboutdotme.registry.nodejitsu.com/chai-jq from cache
413 http 304 https://aboutdotme.registry.nodejitsu.com/grunt-contrib-sass
414 silly registry.get cb [ 304,
414 silly registry.get   { server: 'CouchDB/1.5.0 (Erlang OTP/R15B03)',
414 silly registry.get     etag: '"BJ66NERC6JHBFTL2A1XRCKY3Q"',
414 silly registry.get     date: 'Fri, 05 Dec 2014 16:20:28 GMT',
414 silly registry.get     'content-length': '0',
414 silly registry.get     connection: 'close' } ]
415 verbose etag https://aboutdotme.registry.nodejitsu.com/grunt-contrib-sass from cache
416 silly addNameRange number 2 { name: 'grunt-contrib-jshint',
416 silly addNameRange   range: '>=0.10.0-0 <0.11.0-0',
416 silly addNameRange   hasData: true }
417 silly addNameRange versions [ 'grunt-contrib-jshint',
417 silly addNameRange   [ '0.1.0',
417 silly addNameRange     '0.1.1',
417 silly addNameRange     '0.2.0',
417 silly addNameRange     '0.3.0',
417 silly addNameRange     '0.4.0',
417 silly addNameRange     '0.4.1',
417 silly addNameRange     '0.4.2',
417 silly addNameRange     '0.4.3',
417 silly addNameRange     '0.5.0',
417 silly addNameRange     '0.5.1',
417 silly addNameRange     '0.5.2',
417 silly addNameRange     '0.5.3',
417 silly addNameRange     '0.5.4',
417 silly addNameRange     '0.6.0',
417 silly addNameRange     '0.6.1',
417 silly addNameRange     '0.6.2',
417 silly addNameRange     '0.6.3',
417 silly addNameRange     '0.6.4',
417 silly addNameRange     '0.6.5',
417 silly addNameRange     '0.7.0',
417 silly addNameRange     '0.7.1',
417 silly addNameRange     '0.7.2',
417 silly addNameRange     '0.8.0',
417 silly addNameRange     '0.9.0',
417 silly addNameRange     '0.9.1',
417 silly addNameRange     '0.9.2',
417 silly addNameRange     '0.10.0',
417 silly addNameRange     '0.1.1-rc5',
417 silly addNameRange     '0.1.1-rc6' ] ]
418 verbose addNamed [ 'grunt-contrib-jshint', '0.10.0' ]
419 verbose addNamed [ '0.10.0', '0.10.0' ]
420 silly lockFile af8d4102-grunt-contrib-jshint-0-10-0 grunt-contrib-jshint@0.10.0
421 verbose lock grunt-contrib-jshint@0.10.0 /Users/pascal/.npm/af8d4102-grunt-contrib-jshint-0-10-0.lock
422 silly addNameRange number 2 { name: 'grunt-contrib-sass',
422 silly addNameRange   range: '>=0.8.1-0 <0.9.0-0',
422 silly addNameRange   hasData: true }
423 silly addNameRange versions [ 'grunt-contrib-sass',
423 silly addNameRange   [ '0.1.0',
423 silly addNameRange     '0.1.1',
423 silly addNameRange     '0.1.2',
423 silly addNameRange     '0.1.3',
423 silly addNameRange     '0.2.0',
423 silly addNameRange     '0.2.1',
423 silly addNameRange     '0.2.2',
423 silly addNameRange     '0.3.0',
423 silly addNameRange     '0.4.0',
423 silly addNameRange     '0.4.1',
423 silly addNameRange     '0.5.0',
423 silly addNameRange     '0.5.1',
423 silly addNameRange     '0.6.0',
423 silly addNameRange     '0.2.2-rc7',
423 silly addNameRange     '0.7.0',
423 silly addNameRange     '0.7.1',
423 silly addNameRange     '0.7.2',
423 silly addNameRange     '0.7.3',
423 silly addNameRange     '0.7.4',
423 silly addNameRange     '0.8.0',
423 silly addNameRange     '0.8.1' ] ]
424 verbose addNamed [ 'grunt-contrib-sass', '0.8.1' ]
425 verbose addNamed [ '0.8.1', '0.8.1' ]
426 silly lockFile db282d06-grunt-contrib-sass-0-8-1 grunt-contrib-sass@0.8.1
427 verbose lock grunt-contrib-sass@0.8.1 /Users/pascal/.npm/db282d06-grunt-contrib-sass-0-8-1.lock
428 silly addNameRange number 2 { name: 'grunt', range: '>=0.4.5-0 <0.5.0-0', hasData: true }
429 silly addNameRange versions [ 'grunt',
429 silly addNameRange   [ '0.1.0',
429 silly addNameRange     '0.1.1',
429 silly addNameRange     '0.1.2',
429 silly addNameRange     '0.2.0',
429 silly addNameRange     '0.2.1',
429 silly addNameRange     '0.2.2',
429 silly addNameRange     '0.2.3',
429 silly addNameRange     '0.2.4',
429 silly addNameRange     '0.2.5',
429 silly addNameRange     '0.2.6',
429 silly addNameRange     '0.2.7',
429 silly addNameRange     '0.2.8',
429 silly addNameRange     '0.2.9',
429 silly addNameRange     '0.2.10',
429 silly addNameRange     '0.2.11',
429 silly addNameRange     '0.2.12',
429 silly addNameRange     '0.2.13',
429 silly addNameRange     '0.2.14',
429 silly addNameRange     '0.2.15',
429 silly addNameRange     '0.3.0',
429 silly addNameRange     '0.3.1',
429 silly addNameRange     '0.3.2',
429 silly addNameRange     '0.3.3',
429 silly addNameRange     '0.3.4',
429 silly addNameRange     '0.3.5',
429 silly addNameRange     '0.3.6',
429 silly addNameRange     '0.3.7',
429 silly addNameRange     '0.3.8',
429 silly addNameRange     '0.3.9',
429 silly addNameRange     '0.3.10',
429 silly addNameRange     '0.3.11',
429 silly addNameRange     '0.3.12',
429 silly addNameRange     '0.3.13',
429 silly addNameRange     '0.3.14',
429 silly addNameRange     '0.3.15',
429 silly addNameRange     '0.3.16',
429 silly addNameRange     '0.3.17',
429 silly addNameRange     '0.4.0',
429 silly addNameRange     '0.4.1',
429 silly addNameRange     '0.4.2',
429 silly addNameRange     '0.4.3',
429 silly addNameRange     '0.4.4',
429 silly addNameRange     '0.4.5',
429 silly addNameRange     '0.3.13-a',
429 silly addNameRange     '0.4.0-a',
429 silly addNameRange     '0.4.0-rc1',
429 silly addNameRange     '0.4.0-rc2',
429 silly addNameRange     '0.4.0-rc3',
429 silly addNameRange     '0.4.0-rc4',
429 silly addNameRange     '0.4.0-rc5',
429 silly addNameRange     '0.4.0-rc6',
429 silly addNameRange     '0.4.0-rc7',
429 silly addNameRange     '0.4.0-rc8' ] ]
430 verbose addNamed [ 'grunt', '0.4.5' ]
431 verbose addNamed [ '0.4.5', '0.4.5' ]
432 silly lockFile 81abf7ad-grunt-0-4-5 grunt@0.4.5
433 verbose lock grunt@0.4.5 /Users/pascal/.npm/81abf7ad-grunt-0-4-5.lock
434 silly lockFile b493d8c3-chai-jq-0-0-8 chai-jq@0.0.8
435 silly lockFile b493d8c3-chai-jq-0-0-8 chai-jq@0.0.8
436 silly lockFile af8d4102-grunt-contrib-jshint-0-10-0 grunt-contrib-jshint@0.10.0
437 silly lockFile af8d4102-grunt-contrib-jshint-0-10-0 grunt-contrib-jshint@0.10.0
438 silly lockFile db282d06-grunt-contrib-sass-0-8-1 grunt-contrib-sass@0.8.1
439 silly lockFile db282d06-grunt-contrib-sass-0-8-1 grunt-contrib-sass@0.8.1
440 silly lockFile 81abf7ad-grunt-0-4-5 grunt@0.4.5
441 silly lockFile 81abf7ad-grunt-0-4-5 grunt@0.4.5
442 silly lockFile 1bfa20d8-grunt-contrib-jshint-0-10-0 grunt-contrib-jshint@^0.10.0
443 silly lockFile 1bfa20d8-grunt-contrib-jshint-0-10-0 grunt-contrib-jshint@^0.10.0
444 silly lockFile 624c9b3d-grunt-contrib-sass-0-8-1 grunt-contrib-sass@^0.8.1
445 silly lockFile 624c9b3d-grunt-contrib-sass-0-8-1 grunt-contrib-sass@^0.8.1
446 silly lockFile 73541f84-grunt-0-4-5 grunt@^0.4.5
447 silly lockFile 73541f84-grunt-0-4-5 grunt@^0.4.5
448 http 304 https://aboutdotme.registry.nodejitsu.com/unwrap
449 silly registry.get cb [ 304,
449 silly registry.get   { server: 'CouchDB/1.5.0 (Erlang OTP/R15B03)',
449 silly registry.get     etag: '"4Q5KEB02IU79WAPDG4EKKN36X"',
449 silly registry.get     date: 'Fri, 05 Dec 2014 16:20:29 GMT',
449 silly registry.get     'content-length': '0',
449 silly registry.get     connection: 'close' } ]
450 verbose etag https://aboutdotme.registry.nodejitsu.com/unwrap from cache
451 http 304 https://aboutdotme.registry.nodejitsu.com/grunt-mocha-test
452 silly registry.get cb [ 304,
452 silly registry.get   { server: 'CouchDB/1.5.0 (Erlang OTP/R15B03)',
452 silly registry.get     etag: '"1GM3KZAPAUD7BHZ8NOJ8OGDXB"',
452 silly registry.get     date: 'Fri, 05 Dec 2014 16:20:29 GMT',
452 silly registry.get     'content-length': '0',
452 silly registry.get     connection: 'close' } ]
453 verbose etag https://aboutdotme.registry.nodejitsu.com/grunt-mocha-test from cache
454 http 304 https://aboutdotme.registry.nodejitsu.com/sinon
455 silly registry.get cb [ 304,
455 silly registry.get   { server: 'CouchDB/1.5.0 (Erlang OTP/R15B03)',
455 silly registry.get     etag: '"ERBJAGYYZT4HECU3DWY4M41XR"',
455 silly registry.get     date: 'Fri, 05 Dec 2014 16:20:29 GMT',
455 silly registry.get     'content-length': '0',
455 silly registry.get     connection: 'close' } ]
456 verbose etag https://aboutdotme.registry.nodejitsu.com/sinon from cache
457 http 304 https://aboutdotme.registry.nodejitsu.com/load-grunt-tasks
458 silly registry.get cb [ 304,
458 silly registry.get   { server: 'CouchDB/1.5.0 (Erlang OTP/R15B03)',
458 silly registry.get     etag: '"A5H0C0LVOU9OTJ00CWKWR72RU"',
458 silly registry.get     date: 'Fri, 05 Dec 2014 16:20:29 GMT',
458 silly registry.get     'content-length': '0',
458 silly registry.get     connection: 'close' } ]
459 verbose etag https://aboutdotme.registry.nodejitsu.com/load-grunt-tasks from cache
460 http 304 https://aboutdotme.registry.nodejitsu.com/grunt-contrib-watch
461 silly registry.get cb [ 304,
461 silly registry.get   { server: 'CouchDB/1.5.0 (Erlang OTP/R15B03)',
461 silly registry.get     etag: '"7A8M8UKRVJ5Q6BPBA0OZ4P6UX"',
461 silly registry.get     date: 'Fri, 05 Dec 2014 16:20:29 GMT',
461 silly registry.get     'content-length': '0',
461 silly registry.get     connection: 'close' } ]
462 verbose etag https://aboutdotme.registry.nodejitsu.com/grunt-contrib-watch from cache
463 silly addNameRange number 2 { name: 'grunt-mocha-test',
463 silly addNameRange   range: '>=0.12.4-0 <0.13.0-0',
463 silly addNameRange   hasData: true }
464 silly addNameRange versions [ 'grunt-mocha-test',
464 silly addNameRange   [ '0.0.1',
464 silly addNameRange     '0.1.0',
464 silly addNameRange     '0.1.1',
464 silly addNameRange     '0.2.0',
464 silly addNameRange     '0.2.1',
464 silly addNameRange     '0.2.2',
464 silly addNameRange     '0.3.0',
464 silly addNameRange     '0.3.1',
464 silly addNameRange     '0.3.2',
464 silly addNameRange     '0.3.3',
464 silly addNameRange     '0.3.4',
464 silly addNameRange     '0.3.5',
464 silly addNameRange     '0.4.0',
464 silly addNameRange     '0.5.0',
464 silly addNameRange     '0.6.0',
464 silly addNameRange     '0.6.1',
464 silly addNameRange     '0.6.2',
464 silly addNameRange     '0.6.3',
464 silly addNameRange     '0.7.0',
464 silly addNameRange     '0.8.0',
464 silly addNameRange     '0.8.1',
464 silly addNameRange     '0.8.2',
464 silly addNameRange     '0.9.0',
464 silly addNameRange     '0.9.1',
464 silly addNameRange     '0.9.2',
464 silly addNameRange     '0.9.3',
464 silly addNameRange     '0.9.4',
464 silly addNameRange     '0.10.0',
464 silly addNameRange     '0.10.1',
464 silly addNameRange     '0.10.2',
464 silly addNameRange     '0.11.0',
464 silly addNameRange     '0.12.0',
464 silly addNameRange     '0.12.1',
464 silly addNameRange     '0.12.2',
464 silly addNameRange     '0.12.3',
464 silly addNameRange     '0.12.4' ] ]
465 verbose addNamed [ 'grunt-mocha-test', '0.12.4' ]
466 verbose addNamed [ '0.12.4', '0.12.4' ]
467 silly lockFile b1b9cfa5-grunt-mocha-test-0-12-4 grunt-mocha-test@0.12.4
468 verbose lock grunt-mocha-test@0.12.4 /Users/pascal/.npm/b1b9cfa5-grunt-mocha-test-0-12-4.lock
469 silly addNameRange number 2 { name: 'unwrap', range: '>=0.1.0-0 <0.2.0-0', hasData: true }
470 silly addNameRange versions [ 'unwrap', [ '0.1.0' ] ]
471 verbose addNamed [ 'unwrap', '0.1.0' ]
472 verbose addNamed [ '0.1.0', '0.1.0' ]
473 silly lockFile ae9f7ce6-unwrap-0-1-0 unwrap@0.1.0
474 verbose lock unwrap@0.1.0 /Users/pascal/.npm/ae9f7ce6-unwrap-0-1-0.lock
475 silly addNameRange number 2 { name: 'load-grunt-tasks',
475 silly addNameRange   range: '>=1.0.0-0 <2.0.0-0',
475 silly addNameRange   hasData: true }
476 silly addNameRange versions [ 'load-grunt-tasks',
476 silly addNameRange   [ '0.1.0',
476 silly addNameRange     '0.1.1',
476 silly addNameRange     '0.1.2',
476 silly addNameRange     '0.1.3',
476 silly addNameRange     '0.2.0',
476 silly addNameRange     '0.2.1',
476 silly addNameRange     '0.3.0',
476 silly addNameRange     '0.4.0',
476 silly addNameRange     '0.5.0',
476 silly addNameRange     '0.6.0',
476 silly addNameRange     '1.0.0' ] ]
477 verbose addNamed [ 'load-grunt-tasks', '1.0.0' ]
478 verbose addNamed [ '1.0.0', '1.0.0' ]
479 silly lockFile 330f67a8-load-grunt-tasks-1-0-0 load-grunt-tasks@1.0.0
480 verbose lock load-grunt-tasks@1.0.0 /Users/pascal/.npm/330f67a8-load-grunt-tasks-1-0-0.lock
481 silly addNameRange number 2 { name: 'grunt-contrib-watch',
481 silly addNameRange   range: '>=0.6.1-0 <0.7.0-0',
481 silly addNameRange   hasData: true }
482 silly addNameRange versions [ 'grunt-contrib-watch',
482 silly addNameRange   [ '0.1.0',
482 silly addNameRange     '0.1.1',
482 silly addNameRange     '0.1.2',
482 silly addNameRange     '0.1.3',
482 silly addNameRange     '0.1.4',
482 silly addNameRange     '0.2.0',
482 silly addNameRange     '0.3.0',
482 silly addNameRange     '0.3.1',
482 silly addNameRange     '0.4.0',
482 silly addNameRange     '0.4.1',
482 silly addNameRange     '0.4.2',
482 silly addNameRange     '0.4.3',
482 silly addNameRange     '0.4.4',
482 silly addNameRange     '0.5.0',
482 silly addNameRange     '0.5.1',
482 silly addNameRange     '0.5.2',
482 silly addNameRange     '0.5.3',
482 silly addNameRange     '0.6.0',
482 silly addNameRange     '0.6.1',
482 silly addNameRange     '0.2.0-a',
482 silly addNameRange     '0.2.0-rc5',
482 silly addNameRange     '0.2.0-rc7' ] ]
483 verbose addNamed [ 'grunt-contrib-watch', '0.6.1' ]
484 verbose addNamed [ '0.6.1', '0.6.1' ]
485 silly lockFile 08049756-grunt-contrib-watch-0-6-1 grunt-contrib-watch@0.6.1
486 verbose lock grunt-contrib-watch@0.6.1 /Users/pascal/.npm/08049756-grunt-contrib-watch-0-6-1.lock
487 silly addNameRange number 2 { name: 'sinon', range: '>=1.12.1-0 <2.0.0-0', hasData: true }
488 silly addNameRange versions [ 'sinon',
488 silly addNameRange   [ '0.6.2',
488 silly addNameRange     '0.6.3',
488 silly addNameRange     '1.0.0',
488 silly addNameRange     '1.0.1',
488 silly addNameRange     '1.0.2',
488 silly addNameRange     '1.1.0',
488 silly addNameRange     '1.1.1',
488 silly addNameRange     '1.2.0',
488 silly addNameRange     '1.3.0',
488 silly addNameRange     '1.3.1',
488 silly addNameRange     '1.3.2',
488 silly addNameRange     '1.3.3',
488 silly addNameRange     '1.3.4',
488 silly addNameRange     '1.4.0',
488 silly addNameRange     '1.4.1',
488 silly addNameRange     '1.4.2',
488 silly addNameRange     '1.5.0',
488 silly addNameRange     '1.5.2',
488 silly addNameRange     '1.6.0',
488 silly addNameRange     '1.7.0',
488 silly addNameRange     '1.7.1',
488 silly addNameRange     '1.7.2',
488 silly addNameRange     '1.7.3',
488 silly addNameRange     '1.8.1',
488 silly addNameRange     '1.8.2',
488 silly addNameRange     '1.9.0',
488 silly addNameRange     '1.9.1',
488 silly addNameRange     '1.10.0',
488 silly addNameRange     '1.10.1',
488 silly addNameRange     '1.10.2',
488 silly addNameRange     '1.10.3',
488 silly addNameRange     '1.11.0',
488 silly addNameRange     '1.11.1',
488 silly addNameRange     '1.12.0',
488 silly addNameRange     '1.12.1' ] ]
489 verbose addNamed [ 'sinon', '1.12.1' ]
490 verbose addNamed [ '1.12.1', '1.12.1' ]
491 silly lockFile a978793b-sinon-1-12-1 sinon@1.12.1
492 verbose lock sinon@1.12.1 /Users/pascal/.npm/a978793b-sinon-1-12-1.lock
493 silly lockFile b1b9cfa5-grunt-mocha-test-0-12-4 grunt-mocha-test@0.12.4
494 silly lockFile b1b9cfa5-grunt-mocha-test-0-12-4 grunt-mocha-test@0.12.4
495 silly lockFile ee46893d-grunt-mocha-test-0-12-4 grunt-mocha-test@^0.12.4
496 silly lockFile ee46893d-grunt-mocha-test-0-12-4 grunt-mocha-test@^0.12.4
497 silly lockFile ae9f7ce6-unwrap-0-1-0 unwrap@0.1.0
498 silly lockFile ae9f7ce6-unwrap-0-1-0 unwrap@0.1.0
499 silly lockFile 73099dd8-unwrap-0-1-0 unwrap@^0.1.0
500 silly lockFile 73099dd8-unwrap-0-1-0 unwrap@^0.1.0
501 silly lockFile a978793b-sinon-1-12-1 sinon@1.12.1
502 silly lockFile a978793b-sinon-1-12-1 sinon@1.12.1
503 silly lockFile 330f67a8-load-grunt-tasks-1-0-0 load-grunt-tasks@1.0.0
504 silly lockFile 330f67a8-load-grunt-tasks-1-0-0 load-grunt-tasks@1.0.0
505 silly lockFile 08049756-grunt-contrib-watch-0-6-1 grunt-contrib-watch@0.6.1
506 silly lockFile 08049756-grunt-contrib-watch-0-6-1 grunt-contrib-watch@0.6.1
507 silly lockFile f7701ada-sinon-1-12-1 sinon@^1.12.1
508 silly lockFile f7701ada-sinon-1-12-1 sinon@^1.12.1
509 silly lockFile a3737295-load-grunt-tasks-1-0-0 load-grunt-tasks@^1.0.0
510 silly lockFile a3737295-load-grunt-tasks-1-0-0 load-grunt-tasks@^1.0.0
511 silly lockFile 224b1ece-grunt-contrib-watch-0-6-1 grunt-contrib-watch@^0.6.1
512 silly lockFile 224b1ece-grunt-contrib-watch-0-6-1 grunt-contrib-watch@^0.6.1
513 http 304 https://aboutdotme.registry.nodejitsu.com/sinon-chai
514 silly registry.get cb [ 304,
514 silly registry.get   { server: 'CouchDB/1.5.0 (Erlang OTP/R15B03)',
514 silly registry.get     etag: '"CSB7Y471ZO1VU7DSZQC3OM8NR"',
514 silly registry.get     date: 'Fri, 05 Dec 2014 16:20:29 GMT',
514 silly registry.get     'content-length': '0',
514 silly registry.get     connection: 'close' } ]
515 verbose etag https://aboutdotme.registry.nodejitsu.com/sinon-chai from cache
516 http 304 https://aboutdotme.registry.nodejitsu.com/mocha
517 silly registry.get cb [ 304,
517 silly registry.get   { server: 'CouchDB/1.5.0 (Erlang OTP/R15B03)',
517 silly registry.get     etag: '"7VIRCZJS96L4UA2N4FYZMM9VM"',
517 silly registry.get     date: 'Fri, 05 Dec 2014 16:20:29 GMT',
517 silly registry.get     'content-length': '0',
517 silly registry.get     connection: 'close' } ]
518 verbose etag https://aboutdotme.registry.nodejitsu.com/mocha from cache
519 silly addNameRange number 2 { name: 'mocha', range: '>=2.0.1-0 <3.0.0-0', hasData: true }
520 silly addNameRange versions [ 'mocha',
520 silly addNameRange   [ '0.0.1-alpha1',
520 silly addNameRange     '0.0.1-alpha2',
520 silly addNameRange     '0.0.1-alpha3',
520 silly addNameRange     '0.0.1-alpha4',
520 silly addNameRange     '0.0.1-alpha5',
520 silly addNameRange     '0.0.1-alpha6',
520 silly addNameRange     '0.0.1',
520 silly addNameRange     '0.0.2',
520 silly addNameRange     '0.0.3',
520 silly addNameRange     '0.0.4',
520 silly addNameRange     '0.0.5',
520 silly addNameRange     '0.0.6',
520 silly addNameRange     '0.0.7',
520 silly addNameRange     '0.0.8',
520 silly addNameRange     '0.1.0',
520 silly addNameRange     '0.2.0',
520 silly addNameRange     '0.3.0',
520 silly addNameRange     '0.3.1',
520 silly addNameRange     '0.3.2',
520 silly addNameRange     '0.3.3',
520 silly addNameRange     '0.3.4',
520 silly addNameRange     '0.3.6',
520 silly addNameRange     '0.4.0',
520 silly addNameRange     '0.5.0',
520 silly addNameRange     '0.6.0',
520 silly addNameRange     '0.7.0',
520 silly addNameRange     '0.7.1',
520 silly addNameRange     '0.8.0',
520 silly addNameRange     '0.8.1',
520 silly addNameRange     '0.9.0',
520 silly addNameRange     '0.10.0',
520 silly addNameRange     '0.10.1',
520 silly addNameRange     '0.10.2',
520 silly addNameRange     '0.11.0',
520 silly addNameRange     '0.12.0',
520 silly addNameRange     '0.12.1',
520 silly addNameRange     '0.13.0',
520 silly addNameRange     '0.14.0',
520 silly addNameRange     '0.14.1',
520 silly addNameRange     '1.0.0',
520 silly addNameRange     '1.0.1',
520 silly addNameRange     '1.0.2',
520 silly addNameRange     '1.0.3',
520 silly addNameRange     '1.1.0',
520 silly addNameRange     '1.2.0',
520 silly addNameRange     '1.2.1',
520 silly addNameRange     '1.2.2',
520 silly addNameRange     '1.3.0',
520 silly addNameRange     '1.3.1',
520 silly addNameRange     '1.3.2',
520 silly addNameRange     '1.4.0',
520 silly addNameRange     '1.4.1',
520 silly addNameRange     '1.4.2',
520 silly addNameRange     '1.4.3',
520 silly addNameRange     '1.5.0',
520 silly addNameRange     '1.6.0',
520 silly addNameRange     '1.7.0',
520 silly addNameRange     '1.7.1',
520 silly addNameRange     '1.7.2',
520 silly addNameRange     '1.7.3',
520 silly addNameRange     '1.7.4',
520 silly addNameRange     '1.8.0',
520 silly addNameRange     '1.8.1',
520 silly addNameRange     '1.8.2',
520 silly addNameRange     '1.9.0',
520 silly addNameRange     '1.10.0',
520 silly addNameRange     '1.11.0',
520 silly addNameRange     '1.12.0',
520 silly addNameRange     '1.12.1',
520 silly addNameRange     '1.13.0',
520 silly addNameRange     '1.14.0',
520 silly addNameRange     '1.15.0',
520 silly addNameRange     '1.15.1',
520 silly addNameRange     '1.16.0',
520 silly addNameRange     '1.16.1',
520 silly addNameRange     '1.16.2',
520 silly addNameRange     '1.17.0',
520 silly addNameRange     '1.17.1',
520 silly addNameRange     '1.18.0',
520 silly addNameRange     '1.18.1',
520 silly addNameRange     '1.18.2',
520 silly addNameRange     '1.19.0',
520 silly addNameRange     '1.20.0',
520 silly addNameRange     '1.20.1',
520 silly addNameRange     '1.21.0',
520 silly addNameRange     '1.21.1',
520 silly addNameRange     '1.21.2',
520 silly addNameRange     '1.21.3',
520 silly addNameRange     '1.21.4',
520 silly addNameRange     '1.21.5',
520 silly addNameRange     '2.0.0',
520 silly addNameRange     '2.0.1' ] ]
521 verbose addNamed [ 'mocha', '2.0.1' ]
522 verbose addNamed [ '2.0.1', '2.0.1' ]
523 silly lockFile 5f39746a-mocha-2-0-1 mocha@2.0.1
524 verbose lock mocha@2.0.1 /Users/pascal/.npm/5f39746a-mocha-2-0-1.lock
525 silly addNameRange number 2 { name: 'sinon-chai',
525 silly addNameRange   range: '>=2.6.0-0 <3.0.0-0',
525 silly addNameRange   hasData: true }
526 silly addNameRange versions [ 'sinon-chai',
526 silly addNameRange   [ '1.0.0',
526 silly addNameRange     '1.1.0',
526 silly addNameRange     '1.2.0',
526 silly addNameRange     '1.2.1',
526 silly addNameRange     '1.2.2',
526 silly addNameRange     '1.3.0',
526 silly addNameRange     '1.3.1',
526 silly addNameRange     '2.0.0',
526 silly addNameRange     '2.0.1',
526 silly addNameRange     '2.1.0',
526 silly addNameRange     '2.1.1',
526 silly addNameRange     '2.1.2',
526 silly addNameRange     '2.2.0',
526 silly addNameRange     '2.3.0',
526 silly addNameRange     '2.3.1',
526 silly addNameRange     '2.4.0',
526 silly addNameRange     '2.5.0',
526 silly addNameRange     '2.6.0' ] ]
527 verbose addNamed [ 'sinon-chai', '2.6.0' ]
528 verbose addNamed [ '2.6.0', '2.6.0' ]
529 silly lockFile f9b8d5f1-sinon-chai-2-6-0 sinon-chai@2.6.0
530 verbose lock sinon-chai@2.6.0 /Users/pascal/.npm/f9b8d5f1-sinon-chai-2-6-0.lock
531 silly lockFile f9b8d5f1-sinon-chai-2-6-0 sinon-chai@2.6.0
532 silly lockFile f9b8d5f1-sinon-chai-2-6-0 sinon-chai@2.6.0
533 silly lockFile ac5ea0e3-sinon-chai-2-6-0 sinon-chai@^2.6.0
534 silly lockFile ac5ea0e3-sinon-chai-2-6-0 sinon-chai@^2.6.0
535 silly lockFile 5f39746a-mocha-2-0-1 mocha@2.0.1
536 silly lockFile 5f39746a-mocha-2-0-1 mocha@2.0.1
537 silly lockFile 69e0deef-mocha-2-0-1 mocha@^2.0.1
538 silly lockFile 69e0deef-mocha-2-0-1 mocha@^2.0.1
539 error notarget No compatible version found: marionette@'>=2.1.0-0 <3.0.0-0'
539 error notarget Valid install targets:
539 error notarget ["0.0.0"]
539 error notarget
539 error notarget This is most likely not a problem with npm itself.
539 error notarget In most cases you or one of your dependencies are requesting
539 error notarget a package version that doesn't exist.
540 error System Darwin 14.0.0
541 error command "node" "/usr/local/bin/npm" "install"
542 error cwd /Users/pascal/Projects/marionette-freeform
543 error node -v v0.10.32
544 error npm -v 1.4.28
545 error code ETARGET
546 verbose exit [ 1, true ]
